# JRE version: Java(TM) SE Runtime Environment (8.0_181-b13) (build 1.8.0_181-b13)
# Java VM: Java HotSpot(TM) 64-Bit Server VM (25.181-b13 mixed mode windows-amd64 compressed oops)
Heap:
 PSYoungGen      total 713216K, used 373447K [0x000000076b400000, 0x0000000799a80000, 0x00000007c0000000)
  eden space 686592K, 50% used [0x000000076b400000,0x00000007806b3080,0x0000000795280000)
  from space 26624K, 99% used [0x0000000797380000,0x0000000798d7edf8,0x0000000798d80000)
  to   space 33792K, 0% used [0x0000000795280000,0x0000000795280000,0x0000000797380000)
 ParOldGen       total 148480K, used 37398K [0x00000006c1c00000, 0x00000006cad00000, 0x000000076b400000)
  object space 148480K, 25% used [0x00000006c1c00000,0x00000006c4085858,0x00000006cad00000)
 Metaspace       used 49307K, capacity 50328K, committed 50688K, reserved 1093632K
  class space    used 6077K, capacity 6305K, committed 6400K, reserved 1048576K
GC Heap History (10 events):
Event: 5.445 GC heap before
{Heap before GC invocations=10 (full 1):
 PSYoungGen      total 398336K, used 398324K [0x000000076b400000, 0x0000000785900000, 0x00000007c0000000)
  eden space 378368K, 100% used [0x000000076b400000,0x0000000782580000,0x0000000782580000)
  from space 19968K, 99% used [0x0000000783d80000,0x00000007850fd138,0x0000000785100000)
  to   space 24576K, 0% used [0x0000000782580000,0x0000000782580000,0x0000000783d80000)
 ParOldGen       total 91136K, used 24867K [0x00000006c1c00000, 0x00000006c7500000, 0x000000076b400000)
  object space 91136K, 27% used [0x00000006c1c00000,0x00000006c3448c70,0x00000006c7500000)
 Metaspace       used 32439K, capacity 33078K, committed 33280K, reserved 1079296K
  class space    used 4164K, capacity 4292K, committed 4352K, reserved 1048576K
Event: 5.457 GC heap after
Heap after GC invocations=10 (full 1):
 PSYoungGen      total 402944K, used 20690K [0x000000076b400000, 0x000000078e800000, 0x00000007c0000000)
  eden space 378368K, 0% used [0x000000076b400000,0x000000076b400000,0x0000000782580000)
  from space 24576K, 84% used [0x0000000782580000,0x00000007839b4af0,0x0000000783d80000)
  to   space 26624K, 0% used [0x000000078ce00000,0x000000078ce00000,0x000000078e800000)
 ParOldGen       total 91136K, used 27827K [0x00000006c1c00000, 0x00000006c7500000, 0x000000076b400000)
  object space 91136K, 30% used [0x00000006c1c00000,0x00000006c372ccc0,0x00000006c7500000)
 Metaspace       used 32439K, capacity 33078K, committed 33280K, reserved 1079296K
  class space    used 4164K, capacity 4292K, committed 4352K, reserved 1048576K
}
Event: 6.755 GC heap before
{Heap before GC invocations=11 (full 1):
 PSYoungGen      total 402944K, used 399058K [0x000000076b400000, 0x000000078e800000, 0x00000007c0000000)
  eden space 378368K, 100% used [0x000000076b400000,0x0000000782580000,0x0000000782580000)
  from space 24576K, 84% used [0x0000000782580000,0x00000007839b4af0,0x0000000783d80000)
  to   space 26624K, 0% used [0x000000078ce00000,0x000000078ce00000,0x000000078e800000)
 ParOldGen       total 91136K, used 27827K [0x00000006c1c00000, 0x00000006c7500000, 0x000000076b400000)
  object space 91136K, 30% used [0x00000006c1c00000,0x00000006c372ccc0,0x00000006c7500000)
 Metaspace       used 34124K, capacity 34890K, committed 35072K, reserved 1079296K
  class space    used 4344K, capacity 4520K, committed 4608K, reserved 1048576K
Event: 6.765 GC heap after
Heap after GC invocations=11 (full 1):
 PSYoungGen      total 528384K, used 11424K [0x000000076b400000, 0x000000078dc00000, 0x00000007c0000000)
  eden space 514048K, 0% used [0x000000076b400000,0x000000076b400000,0x000000078aa00000)
  from space 14336K, 79% used [0x000000078ce00000,0x000000078d928030,0x000000078dc00000)
  to   space 25600K, 0% used [0x000000078aa00000,0x000000078aa00000,0x000000078c300000)
 ParOldGen       total 91136K, used 32797K [0x00000006c1c00000, 0x00000006c7500000, 0x000000076b400000)
  object space 91136K, 35% used [0x00000006c1c00000,0x00000006c3c07400,0x00000006c7500000)
 Metaspace       used 34124K, capacity 34890K, committed 35072K, reserved 1079296K
  class space    used 4344K, capacity 4520K, committed 4608K, reserved 1048576K
}
Event: 7.160 GC heap before
{Heap before GC invocations=12 (full 1):
 PSYoungGen      total 528384K, used 148297K [0x000000076b400000, 0x000000078dc00000, 0x00000007c0000000)
  eden space 514048K, 26% used [0x000000076b400000,0x00000007739aa580,0x000000078aa00000)
  from space 14336K, 79% used [0x000000078ce00000,0x000000078d928030,0x000000078dc00000)
  to   space 25600K, 0% used [0x000000078aa00000,0x000000078aa00000,0x000000078c300000)
 ParOldGen       total 91136K, used 32797K [0x00000006c1c00000, 0x00000006c7500000, 0x000000076b400000)
  object space 91136K, 35% used [0x00000006c1c00000,0x00000006c3c07400,0x00000006c7500000)
 Metaspace       used 34567K, capacity 35310K, committed 35416K, reserved 1081344K
  class space    used 4362K, capacity 4526K, committed 4608K, reserved 1048576K
Event: 7.166 GC heap after
Heap after GC invocations=12 (full 1):
 PSYoungGen      total 539648K, used 2284K [0x000000076b400000, 0x0000000798d80000, 0x00000007c0000000)
  eden space 514048K, 0% used [0x000000076b400000,0x000000076b400000,0x000000078aa00000)
  from space 25600K, 8% used [0x000000078aa00000,0x000000078ac3b278,0x000000078c300000)
  to   space 26624K, 0% used [0x0000000797380000,0x0000000797380000,0x0000000798d80000)
 ParOldGen       total 91136K, used 41617K [0x00000006c1c00000, 0x00000006c7500000, 0x000000076b400000)
  object space 91136K, 45% used [0x00000006c1c00000,0x00000006c44a4480,0x00000006c7500000)
 Metaspace       used 34567K, capacity 35310K, committed 35416K, reserved 1081344K
  class space    used 4362K, capacity 4526K, committed 4608K, reserved 1048576K
}
Event: 7.166 GC heap before
{Heap before GC invocations=13 (full 2):
 PSYoungGen      total 539648K, used 2284K [0x000000076b400000, 0x0000000798d80000, 0x00000007c0000000)
  eden space 514048K, 0% used [0x000000076b400000,0x000000076b400000,0x000000078aa00000)
  from space 25600K, 8% used [0x000000078aa00000,0x000000078ac3b278,0x000000078c300000)
  to   space 26624K, 0% used [0x0000000797380000,0x0000000797380000,0x0000000798d80000)
 ParOldGen       total 91136K, used 41617K [0x00000006c1c00000, 0x00000006c7500000, 0x000000076b400000)
  object space 91136K, 45% used [0x00000006c1c00000,0x00000006c44a4480,0x00000006c7500000)
 Metaspace       used 34567K, capacity 35310K, committed 35416K, reserved 1081344K
  class space    used 4362K, capacity 4526K, committed 4608K, reserved 1048576K
Event: 7.221 GC heap after
Heap after GC invocations=13 (full 2):
 PSYoungGen      total 539648K, used 0K [0x000000076b400000, 0x0000000798d80000, 0x00000007c0000000)
  eden space 514048K, 0% used [0x000000076b400000,0x000000076b400000,0x000000078aa00000)
  from space 25600K, 0% used [0x000000078aa00000,0x000000078aa00000,0x000000078c300000)
  to   space 26624K, 0% used [0x0000000797380000,0x0000000797380000,0x0000000798d80000)
 ParOldGen       total 148480K, used 27911K [0x00000006c1c00000, 0x00000006cad00000, 0x000000076b400000)
  object space 148480K, 18% used [0x00000006c1c00000,0x00000006c3741cb8,0x00000006cad00000)
 Metaspace       used 34567K, capacity 35310K, committed 35416K, reserved 1081344K
  class space    used 4362K, capacity 4526K, committed 4608K, reserved 1048576K
}
Event: 8.601 GC heap before
{Heap before GC invocations=14 (full 2):
 PSYoungGen      total 539648K, used 514048K [0x000000076b400000, 0x0000000798d80000, 0x00000007c0000000)
  eden space 514048K, 100% used [0x000000076b400000,0x000000078aa00000,0x000000078aa00000)
  from space 25600K, 0% used [0x000000078aa00000,0x000000078aa00000,0x000000078c300000)
  to   space 26624K, 0% used [0x0000000797380000,0x0000000797380000,0x0000000798d80000)
 ParOldGen       total 148480K, used 27911K [0x00000006c1c00000, 0x00000006cad00000, 0x000000076b400000)
  object space 148480K, 18% used [0x00000006c1c00000,0x00000006c3741cb8,0x00000006cad00000)
 Metaspace       used 36661K, capacity 37458K, committed 37632K, reserved 1081344K
  class space    used 4654K, capacity 4836K, committed 4864K, reserved 1048576K
Event: 8.616 GC heap after
Heap after GC invocations=14 (full 2):
 PSYoungGen      total 713216K, used 26619K [0x000000076b400000, 0x0000000799a80000, 0x00000007c0000000)
  eden space 686592K, 0% used [0x000000076b400000,0x000000076b400000,0x0000000795280000)
  from space 26624K, 99% used [0x0000000797380000,0x0000000798d7edf8,0x0000000798d80000)
  to   space 33792K, 0% used [0x0000000795280000,0x0000000795280000,0x0000000797380000)
 ParOldGen       total 148480K, used 37398K [0x00000006c1c00000, 0x00000006cad00000, 0x000000076b400000)
  object space 148480K, 25% used [0x00000006c1c00000,0x00000006c4085858,0x00000006cad00000)
 Metaspace       used 36661K, capacity 37458K, committed 37632K, reserved 1081344K
  class space    used 4654K, capacity 4836K, committed 4864K, reserved 1048576K
}

